0 info it worked if it ends with ok
1 verbose cli [ 'C:\\Program Files\\nodejs\\node.exe',
1 verbose cli   'C:\\Program Files\\nodejs\\node_modules\\npm\\bin\\npm-cli.js',
1 verbose cli   'install',
1 verbose cli   'facebook' ]
2 info using npm@3.10.3
3 info using node@v6.4.0
4 verbose config Skipping project config: C:\Users\Callistus/.npmrc. (matches userconfig)
5 silly loadCurrentTree Starting
6 silly install loadCurrentTree
7 silly install readLocalPackageData
8 silly fetchPackageMetaData facebook
9 silly fetchNamedPackageData facebook
10 silly mapToRegistry name facebook
11 silly mapToRegistry using default registry
12 silly mapToRegistry registry https://registry.npmjs.org/
13 silly mapToRegistry data Result {
13 silly mapToRegistry   raw: 'facebook',
13 silly mapToRegistry   scope: null,
13 silly mapToRegistry   escapedName: 'facebook',
13 silly mapToRegistry   name: 'facebook',
13 silly mapToRegistry   rawSpec: '',
13 silly mapToRegistry   spec: 'latest',
13 silly mapToRegistry   type: 'tag' }
14 silly mapToRegistry uri https://registry.npmjs.org/facebook
15 verbose request uri https://registry.npmjs.org/facebook
16 verbose request no auth needed
17 info attempt registry request try #1 at 1:19:45 PM
18 verbose request id 07363231955504e3
19 http request GET https://registry.npmjs.org/facebook
20 http 200 https://registry.npmjs.org/facebook
21 verbose headers { server: 'CouchDB/1.5.0 (Erlang OTP/R16B03)',
21 verbose headers   etag: '"DHC4CXTRD94C0E2OGR7J4DGXF"',
21 verbose headers   'content-type': 'application/json',
21 verbose headers   'content-encoding': 'gzip',
21 verbose headers   'cache-control': 'max-age=300',
21 verbose headers   'content-length': '633',
21 verbose headers   'accept-ranges': 'bytes',
21 verbose headers   date: 'Mon, 22 Aug 2016 12:17:11 GMT',
21 verbose headers   via: '1.1 varnish',
21 verbose headers   age: '0',
21 verbose headers   connection: 'keep-alive',
21 verbose headers   'x-served-by': 'cache-lcy1123-LCY',
21 verbose headers   'x-cache': 'MISS',
21 verbose headers   'x-cache-hits': '0',
21 verbose headers   'x-timer': 'S1471868231.226431,VS0,VE183',
21 verbose headers   vary: 'Accept-Encoding' }
22 silly get cb [ 200,
22 silly get   { server: 'CouchDB/1.5.0 (Erlang OTP/R16B03)',
22 silly get     etag: '"DHC4CXTRD94C0E2OGR7J4DGXF"',
22 silly get     'content-type': 'application/json',
22 silly get     'content-encoding': 'gzip',
22 silly get     'cache-control': 'max-age=300',
22 silly get     'content-length': '633',
22 silly get     'accept-ranges': 'bytes',
22 silly get     date: 'Mon, 22 Aug 2016 12:17:11 GMT',
22 silly get     via: '1.1 varnish',
22 silly get     age: '0',
22 silly get     connection: 'keep-alive',
22 silly get     'x-served-by': 'cache-lcy1123-LCY',
22 silly get     'x-cache': 'MISS',
22 silly get     'x-cache-hits': '0',
22 silly get     'x-timer': 'S1471868231.226431,VS0,VE183',
22 silly get     vary: 'Accept-Encoding' } ]
23 verbose get saving facebook to C:\Users\Callistus\AppData\Roaming\npm-cache\registry.npmjs.org\facebook\.cache.json
24 verbose correctMkdir C:\Users\Callistus\AppData\Roaming\npm-cache correctMkdir not in flight; initializing
25 silly install normalizeTree
26 silly loadCurrentTree Finishing
27 silly loadIdealTree Starting
28 silly install loadIdealTree
29 silly cloneCurrentTree Starting
30 silly install cloneCurrentTreeToIdealTree
31 silly cloneCurrentTree Finishing
32 silly loadShrinkwrap Starting
33 silly install loadShrinkwrap
34 silly loadShrinkwrap Finishing
35 silly loadAllDepsIntoIdealTree Starting
36 silly install loadAllDepsIntoIdealTree
37 silly resolveWithNewModule facebook@0.0.3 checking installable status
38 silly cache add args [ 'facebook', null ]
39 verbose cache add spec facebook
40 silly cache add parsed spec Result {
40 silly cache add   raw: 'facebook',
40 silly cache add   scope: null,
40 silly cache add   escapedName: 'facebook',
40 silly cache add   name: 'facebook',
40 silly cache add   rawSpec: '',
40 silly cache add   spec: 'latest',
40 silly cache add   type: 'tag' }
41 silly addNamed facebook@latest
42 verbose addNamed "latest" is being treated as a dist-tag for facebook
43 info addNameTag [ 'facebook', 'latest' ]
44 silly mapToRegistry name facebook
45 silly mapToRegistry using default registry
46 silly mapToRegistry registry https://registry.npmjs.org/
47 silly mapToRegistry data Result {
47 silly mapToRegistry   raw: 'facebook',
47 silly mapToRegistry   scope: null,
47 silly mapToRegistry   escapedName: 'facebook',
47 silly mapToRegistry   name: 'facebook',
47 silly mapToRegistry   rawSpec: '',
47 silly mapToRegistry   spec: 'latest',
47 silly mapToRegistry   type: 'tag' }
48 silly mapToRegistry uri https://registry.npmjs.org/facebook
49 verbose addNameTag registry:https://registry.npmjs.org/facebook not in flight; fetching
50 verbose get https://registry.npmjs.org/facebook not expired, no request
51 silly addNameTag next cb for facebook with tag latest
52 silly addNamed facebook@0.0.3
53 verbose addNamed "0.0.3" is a plain semver version for facebook
54 silly mapToRegistry name facebook
55 silly mapToRegistry using default registry
56 silly mapToRegistry registry https://registry.npmjs.org/
57 silly mapToRegistry data Result {
57 silly mapToRegistry   raw: 'facebook',
57 silly mapToRegistry   scope: null,
57 silly mapToRegistry   escapedName: 'facebook',
57 silly mapToRegistry   name: 'facebook',
57 silly mapToRegistry   rawSpec: '',
57 silly mapToRegistry   spec: 'latest',
57 silly mapToRegistry   type: 'tag' }
58 silly mapToRegistry uri https://registry.npmjs.org/facebook
59 verbose addRemoteTarball https://registry.npmjs.org/facebook/-/facebook-0.0.3.tgz not in flight; adding
60 verbose addRemoteTarball [ 'https://registry.npmjs.org/facebook/-/facebook-0.0.3.tgz',
60 verbose addRemoteTarball   '0d2c5be3df4f2f5327b1ab6332f014f8eb703341' ]
61 info retry fetch attempt 1 at 1:19:48 PM
62 info attempt registry request try #1 at 1:19:48 PM
63 http fetch GET https://registry.npmjs.org/facebook/-/facebook-0.0.3.tgz
64 http fetch 200 https://registry.npmjs.org/facebook/-/facebook-0.0.3.tgz
65 silly fetchAndShaCheck shasum 0d2c5be3df4f2f5327b1ab6332f014f8eb703341
66 verbose addTmpTarball C:\Users\CALLIS~1\AppData\Local\Temp\npm-4800-35fe1126\registry.npmjs.org\facebook\-\facebook-0.0.3.tgz not in flight; adding
67 verbose addTmpTarball already have metadata; skipping unpack for facebook@0.0.3
68 verbose correctMkdir C:\Users\Callistus\AppData\Roaming\npm-cache correctMkdir not in flight; initializing
69 silly cache afterAdd facebook@0.0.3
70 verbose afterAdd C:\Users\Callistus\AppData\Roaming\npm-cache\facebook\0.0.3\package\package.json not in flight; writing
71 verbose correctMkdir C:\Users\Callistus\AppData\Roaming\npm-cache correctMkdir not in flight; initializing
72 verbose afterAdd C:\Users\Callistus\AppData\Roaming\npm-cache\facebook\0.0.3\package\package.json written
73 silly fetchNamedPackageData base64
74 silly mapToRegistry name base64
75 silly mapToRegistry using default registry
76 silly mapToRegistry registry https://registry.npmjs.org/
77 silly mapToRegistry data Result {
77 silly mapToRegistry   raw: 'base64',
77 silly mapToRegistry   scope: null,
77 silly mapToRegistry   escapedName: 'base64',
77 silly mapToRegistry   name: 'base64',
77 silly mapToRegistry   rawSpec: '',
77 silly mapToRegistry   spec: 'latest',
77 silly mapToRegistry   type: 'tag' }
78 silly mapToRegistry uri https://registry.npmjs.org/base64
79 verbose request uri https://registry.npmjs.org/base64
80 verbose request no auth needed
81 info attempt registry request try #1 at 1:19:52 PM
82 http request GET https://registry.npmjs.org/base64
83 http 200 https://registry.npmjs.org/base64
84 verbose headers { server: 'CouchDB/1.6.1 (Erlang OTP/R16B03)',
84 verbose headers   etag: '"2HUBENGYKYW770NDYMFRC95I0"',
84 verbose headers   'content-type': 'application/json',
84 verbose headers   'content-encoding': 'gzip',
84 verbose headers   'cache-control': 'max-age=300',
84 verbose headers   'content-length': '2484',
84 verbose headers   'accept-ranges': 'bytes',
84 verbose headers   date: 'Mon, 22 Aug 2016 12:17:15 GMT',
84 verbose headers   via: '1.1 varnish',
84 verbose headers   age: '0',
84 verbose headers   connection: 'keep-alive',
84 verbose headers   'x-served-by': 'cache-lcy1123-LCY',
84 verbose headers   'x-cache': 'MISS',
84 verbose headers   'x-cache-hits': '0',
84 verbose headers   'x-timer': 'S1471868235.302288,VS0,VE94',
84 verbose headers   vary: 'Accept-Encoding' }
85 silly get cb [ 200,
85 silly get   { server: 'CouchDB/1.6.1 (Erlang OTP/R16B03)',
85 silly get     etag: '"2HUBENGYKYW770NDYMFRC95I0"',
85 silly get     'content-type': 'application/json',
85 silly get     'content-encoding': 'gzip',
85 silly get     'cache-control': 'max-age=300',
85 silly get     'content-length': '2484',
85 silly get     'accept-ranges': 'bytes',
85 silly get     date: 'Mon, 22 Aug 2016 12:17:15 GMT',
85 silly get     via: '1.1 varnish',
85 silly get     age: '0',
85 silly get     connection: 'keep-alive',
85 silly get     'x-served-by': 'cache-lcy1123-LCY',
85 silly get     'x-cache': 'MISS',
85 silly get     'x-cache-hits': '0',
85 silly get     'x-timer': 'S1471868235.302288,VS0,VE94',
85 silly get     vary: 'Accept-Encoding' } ]
86 verbose get saving base64 to C:\Users\Callistus\AppData\Roaming\npm-cache\registry.npmjs.org\base64\.cache.json
87 verbose correctMkdir C:\Users\Callistus\AppData\Roaming\npm-cache correctMkdir not in flight; initializing
88 silly resolveWithNewModule base64@2.1.0 checking installable status
89 silly cache add args [ 'base64@', null ]
90 verbose cache add spec base64@
91 silly cache add parsed spec Result {
91 silly cache add   raw: 'base64@',
91 silly cache add   scope: null,
91 silly cache add   escapedName: 'base64',
91 silly cache add   name: 'base64',
91 silly cache add   rawSpec: '',
91 silly cache add   spec: 'latest',
91 silly cache add   type: 'tag' }
92 silly addNamed base64@latest
93 verbose addNamed "latest" is being treated as a dist-tag for base64
94 info addNameTag [ 'base64', 'latest' ]
95 silly mapToRegistry name base64
96 silly mapToRegistry using default registry
97 silly mapToRegistry registry https://registry.npmjs.org/
98 silly mapToRegistry data Result {
98 silly mapToRegistry   raw: 'base64',
98 silly mapToRegistry   scope: null,
98 silly mapToRegistry   escapedName: 'base64',
98 silly mapToRegistry   name: 'base64',
98 silly mapToRegistry   rawSpec: '',
98 silly mapToRegistry   spec: 'latest',
98 silly mapToRegistry   type: 'tag' }
99 silly mapToRegistry uri https://registry.npmjs.org/base64
100 verbose addNameTag registry:https://registry.npmjs.org/base64 not in flight; fetching
101 verbose get https://registry.npmjs.org/base64 not expired, no request
102 silly addNameTag next cb for base64 with tag latest
103 silly addNamed base64@2.1.0
104 verbose addNamed "2.1.0" is a plain semver version for base64
105 silly mapToRegistry name base64
106 silly mapToRegistry using default registry
107 silly mapToRegistry registry https://registry.npmjs.org/
108 silly mapToRegistry data Result {
108 silly mapToRegistry   raw: 'base64',
108 silly mapToRegistry   scope: null,
108 silly mapToRegistry   escapedName: 'base64',
108 silly mapToRegistry   name: 'base64',
108 silly mapToRegistry   rawSpec: '',
108 silly mapToRegistry   spec: 'latest',
108 silly mapToRegistry   type: 'tag' }
109 silly mapToRegistry uri https://registry.npmjs.org/base64
110 verbose addRemoteTarball https://registry.npmjs.org/base64/-/base64-2.1.0.tgz not in flight; adding
111 verbose addRemoteTarball [ 'https://registry.npmjs.org/base64/-/base64-2.1.0.tgz',
111 verbose addRemoteTarball   'c2663daf069203b758fb12b91c516fae87963314' ]
112 info retry fetch attempt 1 at 1:19:52 PM
113 info attempt registry request try #1 at 1:19:52 PM
114 http fetch GET https://registry.npmjs.org/base64/-/base64-2.1.0.tgz
115 http fetch 200 https://registry.npmjs.org/base64/-/base64-2.1.0.tgz
116 silly fetchAndShaCheck shasum c2663daf069203b758fb12b91c516fae87963314
117 verbose addTmpTarball C:\Users\CALLIS~1\AppData\Local\Temp\npm-4800-35fe1126\registry.npmjs.org\base64\-\base64-2.1.0.tgz not in flight; adding
118 verbose addTmpTarball already have metadata; skipping unpack for base64@2.1.0
119 verbose correctMkdir C:\Users\Callistus\AppData\Roaming\npm-cache correctMkdir not in flight; initializing
120 silly cache afterAdd base64@2.1.0
121 verbose afterAdd C:\Users\Callistus\AppData\Roaming\npm-cache\base64\2.1.0\package\package.json not in flight; writing
122 verbose correctMkdir C:\Users\Callistus\AppData\Roaming\npm-cache correctMkdir not in flight; initializing
123 verbose afterAdd C:\Users\Callistus\AppData\Roaming\npm-cache\base64\2.1.0\package\package.json written
124 silly loadAllDepsIntoIdealTree Finishing
125 silly loadIdealTree Finishing
126 silly currentTree Callistus
126 silly currentTree +-- ansi-regex@2.0.0
126 silly currentTree +-- ansi-styles@2.2.1
126 silly currentTree +-- asn1@0.2.3
126 silly currentTree +-- assert-plus@0.2.0
126 silly currentTree +-- async@1.5.2
126 silly currentTree +-- aws-sign2@0.6.0
126 silly currentTree +-- aws4@1.4.1
126 silly currentTree +-- bl@1.1.2
126 silly currentTree +-- boom@2.10.1
126 silly currentTree +-- caseless@0.11.0
126 silly currentTree +-- chalk@1.1.3
126 silly currentTree +-- combined-stream@1.0.5
126 silly currentTree +-- commander@2.9.0
126 silly currentTree +-- core-util-is@1.0.2
126 silly currentTree +-- cryptiles@2.0.5
126 silly currentTree +-- dashdash@1.14.0
126 silly currentTree | `-- assert-plus@1.0.0
126 silly currentTree +-- delayed-stream@1.0.0
126 silly currentTree +-- ecc-jsbn@0.1.1
126 silly currentTree +-- escape-string-regexp@1.0.5
126 silly currentTree +-- extend@3.0.0
126 silly currentTree +-- extsprintf@1.0.2
126 silly currentTree +-- forever-agent@0.6.1
126 silly currentTree +-- form-data@1.0.0-rc4
126 silly currentTree +-- generate-function@2.0.0
126 silly currentTree +-- generate-object-property@1.2.0
126 silly currentTree +-- getpass@0.1.6
126 silly currentTree | `-- assert-plus@1.0.0
126 silly currentTree +-- graceful-readlink@1.0.1
126 silly currentTree +-- har-validator@2.0.6
126 silly currentTree +-- has-ansi@2.0.0
126 silly currentTree +-- hawk@3.1.3
126 silly currentTree +-- hoek@2.16.3
126 silly currentTree +-- http-signature@1.1.1
126 silly currentTree +-- inherits@2.0.1
126 silly currentTree +-- is-my-json-valid@2.13.1
126 silly currentTree +-- is-property@1.0.2
126 silly currentTree +-- is-typedarray@1.0.0
126 silly currentTree +-- isarray@1.0.0
126 silly currentTree +-- isstream@0.1.2
126 silly currentTree +-- jodid25519@1.0.2
126 silly currentTree +-- jsbn@0.1.0
126 silly currentTree +-- json-schema@0.2.2
126 silly currentTree +-- json-stringify-safe@5.0.1
126 silly currentTree +-- jsonpointer@2.0.0
126 silly currentTree +-- jsprim@1.3.0
126 silly currentTree +-- log@1.4.0
126 silly currentTree +-- mime-db@1.23.0
126 silly currentTree +-- mime-types@2.1.11
126 silly currentTree +-- node-uuid@1.4.7
126 silly currentTree +-- oauth-sign@0.8.2
126 silly currentTree +-- origin@0.5.6
126 silly currentTree +-- pinkie-promise@2.0.1
126 silly currentTree +-- pinkie@2.0.4
126 silly currentTree +-- process-nextick-args@1.0.7
126 silly currentTree +-- qs@6.2.1
126 silly currentTree +-- readable-stream@2.0.6
126 silly currentTree +-- request@2.74.0
126 silly currentTree +-- sntp@1.0.9
126 silly currentTree +-- sshpk@1.9.2
126 silly currentTree | `-- assert-plus@1.0.0
126 silly currentTree +-- string_decoder@0.10.31
126 silly currentTree +-- stringstream@0.0.5
126 silly currentTree +-- strip-ansi@3.0.1
126 silly currentTree +-- supports-color@2.0.0
126 silly currentTree +-- testing@1.0.0
126 silly currentTree +-- tough-cookie@2.3.1
126 silly currentTree +-- tunnel-agent@0.4.3
126 silly currentTree +-- tweetnacl@0.13.3
126 silly currentTree +-- underscore@1.8.3
126 silly currentTree +-- util-deprecate@1.0.2
126 silly currentTree +-- verror@1.3.6
126 silly currentTree `-- xtend@4.0.1
127 silly idealTree Callistus
127 silly idealTree +-- ansi-regex@2.0.0
127 silly idealTree +-- ansi-styles@2.2.1
127 silly idealTree +-- asn1@0.2.3
127 silly idealTree +-- assert-plus@0.2.0
127 silly idealTree +-- async@1.5.2
127 silly idealTree +-- aws-sign2@0.6.0
127 silly idealTree +-- aws4@1.4.1
127 silly idealTree +-- base64@2.1.0
127 silly idealTree +-- bl@1.1.2
127 silly idealTree +-- boom@2.10.1
127 silly idealTree +-- caseless@0.11.0
127 silly idealTree +-- chalk@1.1.3
127 silly idealTree +-- combined-stream@1.0.5
127 silly idealTree +-- commander@2.9.0
127 silly idealTree +-- core-util-is@1.0.2
127 silly idealTree +-- cryptiles@2.0.5
127 silly idealTree +-- dashdash@1.14.0
127 silly idealTree | `-- assert-plus@1.0.0
127 silly idealTree +-- delayed-stream@1.0.0
127 silly idealTree +-- ecc-jsbn@0.1.1
127 silly idealTree +-- escape-string-regexp@1.0.5
127 silly idealTree +-- extend@3.0.0
127 silly idealTree +-- extsprintf@1.0.2
127 silly idealTree +-- facebook@0.0.3
127 silly idealTree +-- forever-agent@0.6.1
127 silly idealTree +-- form-data@1.0.0-rc4
127 silly idealTree +-- generate-function@2.0.0
127 silly idealTree +-- generate-object-property@1.2.0
127 silly idealTree +-- getpass@0.1.6
127 silly idealTree | `-- assert-plus@1.0.0
127 silly idealTree +-- graceful-readlink@1.0.1
127 silly idealTree +-- har-validator@2.0.6
127 silly idealTree +-- has-ansi@2.0.0
127 silly idealTree +-- hawk@3.1.3
127 silly idealTree +-- hoek@2.16.3
127 silly idealTree +-- http-signature@1.1.1
127 silly idealTree +-- inherits@2.0.1
127 silly idealTree +-- is-my-json-valid@2.13.1
127 silly idealTree +-- is-property@1.0.2
127 silly idealTree +-- is-typedarray@1.0.0
127 silly idealTree +-- isarray@1.0.0
127 silly idealTree +-- isstream@0.1.2
127 silly idealTree +-- jodid25519@1.0.2
127 silly idealTree +-- jsbn@0.1.0
127 silly idealTree +-- json-schema@0.2.2
127 silly idealTree +-- json-stringify-safe@5.0.1
127 silly idealTree +-- jsonpointer@2.0.0
127 silly idealTree +-- jsprim@1.3.0
127 silly idealTree +-- log@1.4.0
127 silly idealTree +-- mime-db@1.23.0
127 silly idealTree +-- mime-types@2.1.11
127 silly idealTree +-- node-uuid@1.4.7
127 silly idealTree +-- oauth-sign@0.8.2
127 silly idealTree +-- origin@0.5.6
127 silly idealTree +-- pinkie-promise@2.0.1
127 silly idealTree +-- pinkie@2.0.4
127 silly idealTree +-- process-nextick-args@1.0.7
127 silly idealTree +-- qs@6.2.1
127 silly idealTree +-- readable-stream@2.0.6
127 silly idealTree +-- request@2.74.0
127 silly idealTree +-- sntp@1.0.9
127 silly idealTree +-- sshpk@1.9.2
127 silly idealTree | `-- assert-plus@1.0.0
127 silly idealTree +-- string_decoder@0.10.31
127 silly idealTree +-- stringstream@0.0.5
127 silly idealTree +-- strip-ansi@3.0.1
127 silly idealTree +-- supports-color@2.0.0
127 silly idealTree +-- testing@1.0.0
127 silly idealTree +-- tough-cookie@2.3.1
127 silly idealTree +-- tunnel-agent@0.4.3
127 silly idealTree +-- tweetnacl@0.13.3
127 silly idealTree +-- underscore@1.8.3
127 silly idealTree +-- util-deprecate@1.0.2
127 silly idealTree +-- verror@1.3.6
127 silly idealTree `-- xtend@4.0.1
128 silly generateActionsToTake Starting
129 silly install generateActionsToTake
130 silly generateActionsToTake Finishing
131 silly diffTrees action count 2
132 silly diffTrees add base64@2.1.0
133 silly diffTrees add facebook@0.0.3
134 silly decomposeActions action count 16
135 silly decomposeActions fetch base64@2.1.0
136 silly decomposeActions extract base64@2.1.0
137 silly decomposeActions test base64@2.1.0
138 silly decomposeActions preinstall base64@2.1.0
139 silly decomposeActions build base64@2.1.0
140 silly decomposeActions install base64@2.1.0
141 silly decomposeActions postinstall base64@2.1.0
142 silly decomposeActions finalize base64@2.1.0
143 silly decomposeActions fetch facebook@0.0.3
144 silly decomposeActions extract facebook@0.0.3
145 silly decomposeActions test facebook@0.0.3
146 silly decomposeActions preinstall facebook@0.0.3
147 silly decomposeActions build facebook@0.0.3
148 silly decomposeActions install facebook@0.0.3
149 silly decomposeActions postinstall facebook@0.0.3
150 silly decomposeActions finalize facebook@0.0.3
151 silly executeActions Starting
152 silly install executeActions
153 silly doSerial global-install 0
154 silly doParallel fetch 2
155 verbose correctMkdir C:\Users\Callistus\AppData\Roaming\npm-cache\_locks correctMkdir not in flight; initializing
156 verbose lock using C:\Users\Callistus\AppData\Roaming\npm-cache\_locks\staging-1cf24da210599221.lock for C:\Users\Callistus\node_modules\.staging
157 silly doParallel extract 2
158 silly extract base64@2.1.0
159 silly extract facebook@0.0.3
160 verbose unbuild node_modules\.staging\facebook-e461de88
161 verbose unbuild node_modules\.staging\base64-43e1717b
162 silly gentlyRm C:\Users\Callistus\node_modules\.staging\facebook-e461de88 is being purged from base C:\Users\Callistus
163 verbose gentlyRm don't care about contents; nuking C:\Users\Callistus\node_modules\.staging\facebook-e461de88
164 silly gentlyRm C:\Users\Callistus\node_modules\.staging\base64-43e1717b is being purged from base C:\Users\Callistus
165 verbose gentlyRm don't care about contents; nuking C:\Users\Callistus\node_modules\.staging\base64-43e1717b
166 verbose tar unpack C:\Users\Callistus\AppData\Roaming\npm-cache\facebook\0.0.3\package.tgz
167 verbose tar unpacking to C:\Users\Callistus\node_modules\.staging\facebook-e461de88
168 silly gentlyRm C:\Users\Callistus\node_modules\.staging\facebook-e461de88 is being purged
169 verbose gentlyRm don't care about contents; nuking C:\Users\Callistus\node_modules\.staging\facebook-e461de88
170 verbose tar unpack C:\Users\Callistus\AppData\Roaming\npm-cache\base64\2.1.0\package.tgz
171 verbose tar unpacking to C:\Users\Callistus\node_modules\.staging\base64-43e1717b
172 silly gentlyRm C:\Users\Callistus\node_modules\.staging\base64-43e1717b is being purged
173 verbose gentlyRm don't care about contents; nuking C:\Users\Callistus\node_modules\.staging\base64-43e1717b
174 silly gunzTarPerm modes [ '777', '666' ]
175 silly gunzTarPerm modes [ '777', '666' ]
176 silly gunzTarPerm extractEntry package.json
177 silly gunzTarPerm modified mode [ 'package.json', 420, 438 ]
178 silly gunzTarPerm extractEntry
179 silly gunzTarPerm modified mode [ '', 493, 511 ]
180 silly gunzTarPerm extractEntry .gitmodules
181 silly gunzTarPerm modified mode [ '.gitmodules', 420, 438 ]
182 silly gunzTarPerm extractEntry package.json
183 silly gunzTarPerm modified mode [ 'package.json', 420, 438 ]
184 silly gunzTarPerm extractEntry lib/
185 silly gunzTarPerm modified mode [ 'lib/', 493, 511 ]
186 silly gunzTarPerm extractEntry .npmignore
187 silly gunzTarPerm modified mode [ '.npmignore', 420, 438 ]
188 silly gunzTarPerm extractEntry base64.cc
189 silly gunzTarPerm modified mode [ 'base64.cc', 420, 438 ]
190 silly gunzTarPerm extractEntry lib/jquery.facebook.js
191 silly gunzTarPerm modified mode [ 'lib/jquery.facebook.js', 420, 438 ]
192 silly gunzTarPerm extractEntry lib/facebook.js
193 silly gunzTarPerm modified mode [ 'lib/facebook.js', 420, 438 ]
194 silly gunzTarPerm extractEntry readme.txt
195 silly gunzTarPerm modified mode [ 'readme.txt', 420, 438 ]
196 silly gunzTarPerm extractEntry test/encode.js
197 silly gunzTarPerm modified mode [ 'test/encode.js', 420, 438 ]
198 silly gunzTarPerm extractEntry lib/support/
199 silly gunzTarPerm modified mode [ 'lib/support/', 493, 511 ]
200 silly gunzTarPerm extractEntry lib/support/express/
201 silly gunzTarPerm modified mode [ 'lib/support/express/', 493, 511 ]
202 silly gunzTarPerm extractEntry README.textile
203 silly gunzTarPerm modified mode [ 'README.textile', 420, 438 ]
204 silly gunzTarPerm extractEntry doc/
205 silly gunzTarPerm modified mode [ 'doc/', 493, 511 ]
206 silly gunzTarPerm extractEntry test/test.sh
207 silly gunzTarPerm modified mode [ 'test/test.sh', 420, 438 ]
208 silly gunzTarPerm extractEntry test/perl-base64-encode.pl
209 silly gunzTarPerm modified mode [ 'test/perl-base64-encode.pl', 420, 438 ]
210 silly gunzTarPerm extractEntry doc/communication.graffle/
211 silly gunzTarPerm modified mode [ 'doc/communication.graffle/', 493, 511 ]
212 silly gunzTarPerm extractEntry doc/communication.graffle/image2.tiff
213 silly gunzTarPerm modified mode [ 'doc/communication.graffle/image2.tiff', 420, 438 ]
214 silly gunzTarPerm extractEntry test/hashes.json
215 silly gunzTarPerm modified mode [ 'test/hashes.json', 420, 438 ]
216 silly gunzTarPerm extractEntry test/data/data-rand-11
217 silly gunzTarPerm modified mode [ 'test/data/data-rand-11', 420, 438 ]
218 silly gunzTarPerm extractEntry test/data/data-rand-06
219 silly gunzTarPerm modified mode [ 'test/data/data-rand-06', 420, 438 ]
220 silly gunzTarPerm extractEntry test/data/data-png.png
221 silly gunzTarPerm modified mode [ 'test/data/data-png.png', 420, 438 ]
222 silly gunzTarPerm extractEntry test/data/data-rand-09
223 silly gunzTarPerm modified mode [ 'test/data/data-rand-09', 420, 438 ]
224 silly gunzTarPerm extractEntry test/data/data-rand-08
225 silly gunzTarPerm modified mode [ 'test/data/data-rand-08', 420, 438 ]
226 silly gunzTarPerm extractEntry test/data/data-rand-05
227 silly gunzTarPerm modified mode [ 'test/data/data-rand-05', 420, 438 ]
228 silly gunzTarPerm extractEntry test/data/data-rand-03
229 silly gunzTarPerm modified mode [ 'test/data/data-rand-03', 420, 438 ]
230 silly gunzTarPerm extractEntry test/data/data-rand-10
231 silly gunzTarPerm modified mode [ 'test/data/data-rand-10', 420, 438 ]
232 silly gunzTarPerm extractEntry test/data/data-rand-13
233 silly gunzTarPerm modified mode [ 'test/data/data-rand-13', 420, 438 ]
234 silly gunzTarPerm extractEntry doc/communication.graffle/QuickLook/
235 silly gunzTarPerm modified mode [ 'doc/communication.graffle/QuickLook/', 493, 511 ]
236 silly gunzTarPerm extractEntry doc/communication.graffle/QuickLook/Thumbnail.tiff
237 silly gunzTarPerm modified mode [ 'doc/communication.graffle/QuickLook/Thumbnail.tiff',
237 silly gunzTarPerm   420,
237 silly gunzTarPerm   438 ]
238 silly gunzTarPerm extractEntry test/data/data-rand-14
239 silly gunzTarPerm modified mode [ 'test/data/data-rand-14', 420, 438 ]
240 silly gunzTarPerm extractEntry test/data/data-rand-20
241 silly gunzTarPerm modified mode [ 'test/data/data-rand-20', 420, 438 ]
242 silly gunzTarPerm extractEntry doc/communication.graffle/QuickLook/Preview.pdf
243 silly gunzTarPerm modified mode [ 'doc/communication.graffle/QuickLook/Preview.pdf', 420, 438 ]
244 silly gunzTarPerm extractEntry doc/communication.graffle/data.plist
245 silly gunzTarPerm modified mode [ 'doc/communication.graffle/data.plist', 420, 438 ]
246 silly gunzTarPerm extractEntry doc/communication.png
247 silly gunzTarPerm modified mode [ 'doc/communication.png', 420, 438 ]
248 silly gunzTarPerm extractEntry test/data/data-source-code.c
249 silly gunzTarPerm modified mode [ 'test/data/data-source-code.c', 420, 438 ]
250 silly gunzTarPerm extractEntry test/data/data-rand-07
251 silly gunzTarPerm modified mode [ 'test/data/data-rand-07', 420, 438 ]
252 silly gunzTarPerm extractEntry doc/register_application.png
253 silly gunzTarPerm modified mode [ 'doc/register_application.png', 420, 438 ]
254 silly gunzTarPerm extractEntry spec/
255 silly gunzTarPerm modified mode [ 'spec/', 493, 511 ]
256 silly gunzTarPerm extractEntry test/data/data-rand-02
257 silly gunzTarPerm modified mode [ 'test/data/data-rand-02', 420, 438 ]
258 silly gunzTarPerm extractEntry test/data/data-rand-01
259 silly gunzTarPerm modified mode [ 'test/data/data-rand-01', 420, 438 ]
260 silly gunzTarPerm extractEntry spec/spec.plugins.facebook.js
261 silly gunzTarPerm modified mode [ 'spec/spec.plugins.facebook.js', 420, 438 ]
262 silly gunzTarPerm extractEntry spec/node.js
263 silly gunzTarPerm modified mode [ 'spec/node.js', 420, 438 ]
264 silly gunzTarPerm extractEntry test/data/data-rand-15
265 silly gunzTarPerm modified mode [ 'test/data/data-rand-15', 420, 438 ]
266 silly gunzTarPerm extractEntry test/data/data-rand-18
267 silly gunzTarPerm modified mode [ 'test/data/data-rand-18', 420, 438 ]
268 silly gunzTarPerm extractEntry test/data/data-rand-04
269 silly gunzTarPerm modified mode [ 'test/data/data-rand-04', 420, 438 ]
270 silly gunzTarPerm extractEntry test/data/data-rand-17
271 silly gunzTarPerm modified mode [ 'test/data/data-rand-17', 420, 438 ]
272 silly gunzTarPerm extractEntry test/data/data-rand-12
273 silly gunzTarPerm modified mode [ 'test/data/data-rand-12', 420, 438 ]
274 silly gunzTarPerm extractEntry test/data/data-rand-19
275 silly gunzTarPerm modified mode [ 'test/data/data-rand-19', 420, 438 ]
276 silly gunzTarPerm extractEntry test/data/data-rand-16
277 silly gunzTarPerm modified mode [ 'test/data/data-rand-16', 420, 438 ]
278 silly gunzTarPerm extractEntry package.json~
279 silly gunzTarPerm modified mode [ 'package.json~', 420, 438 ]
280 silly gunzTarPerm extractEntry binding.gyp
281 silly gunzTarPerm modified mode [ 'binding.gyp', 420, 438 ]
282 silly gunzTarPerm extractEntry examples/
283 silly gunzTarPerm modified mode [ 'examples/', 493, 511 ]
284 silly gunzTarPerm extractEntry examples/fb_iframe/
285 silly gunzTarPerm modified mode [ 'examples/fb_iframe/', 493, 511 ]
286 silly gunzTarPerm extractEntry examples/fb_iframe/public/
287 silly gunzTarPerm modified mode [ 'examples/fb_iframe/public/', 493, 511 ]
288 silly gunzTarPerm extractEntry examples/fb_iframe/public/xd_receiver.htm
289 silly gunzTarPerm modified mode [ 'examples/fb_iframe/public/xd_receiver.htm', 420, 438 ]
290 silly gunzTarPerm extractEntry examples/fb_iframe/public/iframe.html
291 silly gunzTarPerm modified mode [ 'examples/fb_iframe/public/iframe.html', 420, 438 ]
292 silly gunzTarPerm extractEntry examples/fb_iframe/public/javascripts/
293 silly gunzTarPerm modified mode [ 'examples/fb_iframe/public/javascripts/', 493, 511 ]
294 silly gunzTarPerm extractEntry examples/fb_iframe/public/javascripts/jquery.facebook.js
295 silly gunzTarPerm modified mode [ 'examples/fb_iframe/public/javascripts/jquery.facebook.js',
295 silly gunzTarPerm   420,
295 silly gunzTarPerm   438 ]
296 silly gunzTarPerm extractEntry examples/fb_iframe/app.js
297 silly gunzTarPerm modified mode [ 'examples/fb_iframe/app.js', 420, 438 ]
298 silly gunzTarPerm extractEntry examples/fb_connect/
299 silly gunzTarPerm modified mode [ 'examples/fb_connect/', 493, 511 ]
300 silly gunzTarPerm extractEntry examples/fb_connect/public/
301 silly gunzTarPerm modified mode [ 'examples/fb_connect/public/', 493, 511 ]
302 silly gunzTarPerm extractEntry examples/fb_connect/public/xd_receiver.htm
303 silly gunzTarPerm modified mode [ 'examples/fb_connect/public/xd_receiver.htm', 420, 438 ]
304 silly gunzTarPerm extractEntry examples/fb_connect/public/index.html
305 silly gunzTarPerm modified mode [ 'examples/fb_connect/public/index.html', 420, 438 ]
306 silly gunzTarPerm extractEntry examples/fb_connect/public/javascripts/
307 silly gunzTarPerm modified mode [ 'examples/fb_connect/public/javascripts/', 493, 511 ]
308 silly gunzTarPerm extractEntry examples/fb_connect/public/javascripts/jquery.facebook.js
309 silly gunzTarPerm modified mode [ 'examples/fb_connect/public/javascripts/jquery.facebook.js',
309 silly gunzTarPerm   420,
309 silly gunzTarPerm   438 ]
310 silly gunzTarPerm extractEntry examples/fb_connect/app.js
311 silly gunzTarPerm modified mode [ 'examples/fb_connect/app.js', 420, 438 ]
312 silly gentlyRm C:\Users\Callistus\node_modules\.staging\base64-43e1717b\node_modules is being purged
313 verbose gentlyRm don't care about contents; nuking C:\Users\Callistus\node_modules\.staging\base64-43e1717b\node_modules
314 silly gentlyRm C:\Users\Callistus\node_modules\.staging\facebook-e461de88\node_modules is being purged
315 verbose gentlyRm don't care about contents; nuking C:\Users\Callistus\node_modules\.staging\facebook-e461de88\node_modules
316 silly doParallel preinstall 2
317 silly preinstall base64@2.1.0 C:\Users\Callistus\node_modules\.staging\base64-43e1717b
318 info lifecycle base64@2.1.0~preinstall: base64@2.1.0
319 silly preinstall facebook@0.0.3 C:\Users\Callistus\node_modules\.staging\facebook-e461de88
320 info lifecycle facebook@0.0.3~preinstall: facebook@0.0.3
321 silly lifecycle base64@2.1.0~preinstall: no script for preinstall, continuing
322 silly lifecycle facebook@0.0.3~preinstall: no script for preinstall, continuing
323 silly doReverseSerial remove 0
324 silly doSerial move 0
325 silly doSerial finalize 2
326 silly finalize C:\Users\Callistus\node_modules\base64
327 silly finalize C:\Users\Callistus\node_modules\facebook
328 silly doSerial build 2
329 silly build base64@2.1.0
330 info linkStuff base64@2.1.0
331 silly linkStuff base64@2.1.0 has C:\Users\Callistus\node_modules as its parent node_modules
332 verbose linkBins base64@2.1.0
333 verbose linkMans base64@2.1.0
334 silly build facebook@0.0.3
335 info linkStuff facebook@0.0.3
336 silly linkStuff facebook@0.0.3 has C:\Users\Callistus\node_modules as its parent node_modules
337 verbose linkBins facebook@0.0.3
338 verbose linkMans facebook@0.0.3
339 silly doSerial global-link 0
340 silly doParallel update-linked 0
341 silly doSerial install 2
342 silly install base64@2.1.0 C:\Users\Callistus\node_modules\.staging\base64-43e1717b
343 info lifecycle base64@2.1.0~install: base64@2.1.0
344 verbose lifecycle base64@2.1.0~install: unsafe-perm in lifecycle true
345 verbose lifecycle base64@2.1.0~install: PATH: C:\Program Files\nodejs\node_modules\npm\bin\node-gyp-bin;C:\Users\Callistus\node_modules\base64\node_modules\.bin;C:\Users\Callistus\node_modules\.bin;C:\Program Files\nodejs;C:\Program Files\Git\cmd;C:\app\OacleHomeUser\product\12.1.0\dbhome_1\bin;C:\Program Files (x86)\NVIDIA Corporation\PhysX\Common;C:\Program Files (x86)\ActiveState Komodo Edit 6\;C:\Program Files (x86)\Intel\iCLS Client\;C:\Program Files\Intel\iCLS Client\;C:\Windows\system32;C:\Windows;C:\Windows\System32\Wbem;C:\Windows\System32\WindowsPowerShell\v1.0\;C:\Program Files\Intel\Intel(R) Management Engine Components\DAL;C:\Program Files\Intel\Intel(R) Management Engine Components\IPT;C:\Program Files (x86)\Intel\Intel(R) Management Engine Components\DAL;C:\Program Files (x86)\Intel\Intel(R) Management Engine Components\IPT;C:\Program Files (x86)\Intel\OpenCL SDK\2.0\bin\x86;C:\Program Files (x86)\Intel\OpenCL SDK\2.0\bin\x64;c:\Program Files\Microsoft SQL Server\110\Tools\Binn\;c:\Program Files (x86)\Microsoft SQL Server\110\Tools\Binn\;c:\Program Files\Microsoft SQL Server\110\DTS\Binn\;c:\Program Files (x86)\Microsoft SQL Server\110\Tools\Binn\ManagementSt;C:\Program Files\Easysoft Limited\Easysoft JDBC-Access Gateway\Libs\;C:\Program Files\Common Files\Easysoft\Shared\;C:\Program Files\Easysoft Limited\Easysoft JDBC-Access Gateway\32-Bits\Libs\;C:\Program Files (x86)\Common Files\Easysoft\Shared\;C:\Program Files\Microsoft JDBC Sql Server Driver 2.0\sqljdbc_4.0\enu\auth\x64\sqljdbc_auth.dll;C:\Program Files\Microsoft\Web Platform Installer\;C:\Program Files (x86)\Skype\Phone\;C:\Program Files\nodejs\;C:\Users\Callistus\AppData\Local\Programs\Python\Python35-32\Scripts\;C:\Users\Callistus\AppData\Local\Programs\Python\Python35-32\;C:\Program Files\Java\jdk1.8.0_11\bin;C:\Users\Callistus\AppData\Roaming\npm;C:\sqllite
346 verbose lifecycle base64@2.1.0~install: CWD: C:\Users\Callistus\node_modules\base64
347 silly lifecycle base64@2.1.0~install: Args: [ '/d /s /c', 'node-gyp rebuild' ]
348 silly lifecycle base64@2.1.0~install: Returned: code: 1  signal: null
349 info lifecycle base64@2.1.0~install: Failed to exec install script
350 verbose unlock done using C:\Users\Callistus\AppData\Roaming\npm-cache\_locks\staging-1cf24da210599221.lock for C:\Users\Callistus\node_modules\.staging
351 silly rollbackFailedOptional Starting
352 silly rollbackFailedOptional Finishing
353 silly runTopLevelLifecycles Starting
354 silly runTopLevelLifecycles Finishing
355 silly install printInstalled
356 warn enoent ENOENT: no such file or directory, open 'C:\Users\Callistus\package.json'
357 warn Callistus No description
358 warn Callistus No repository field.
359 warn Callistus No README data
360 warn Callistus No license field.
361 verbose stack Error: base64@2.1.0 install: `node-gyp rebuild`
361 verbose stack Exit status 1
361 verbose stack     at EventEmitter.<anonymous> (C:\Program Files\nodejs\node_modules\npm\lib\utils\lifecycle.js:242:16)
361 verbose stack     at emitTwo (events.js:106:13)
361 verbose stack     at EventEmitter.emit (events.js:191:7)
361 verbose stack     at ChildProcess.<anonymous> (C:\Program Files\nodejs\node_modules\npm\lib\utils\spawn.js:40:14)
361 verbose stack     at emitTwo (events.js:106:13)
361 verbose stack     at ChildProcess.emit (events.js:191:7)
361 verbose stack     at maybeClose (internal/child_process.js:852:16)
361 verbose stack     at Process.ChildProcess._handle.onexit (internal/child_process.js:215:5)
362 verbose pkgid base64@2.1.0
363 verbose cwd C:\Users\Callistus\Desktop\nodejscodes\facebookApiTest
364 error Windows_NT 6.2.9200
365 error argv "C:\\Program Files\\nodejs\\node.exe" "C:\\Program Files\\nodejs\\node_modules\\npm\\bin\\npm-cli.js" "install" "facebook"
366 error node v6.4.0
367 error npm  v3.10.3
368 error code ELIFECYCLE
369 error base64@2.1.0 install: `node-gyp rebuild`
369 error Exit status 1
370 error Failed at the base64@2.1.0 install script 'node-gyp rebuild'.
370 error Make sure you have the latest version of node.js and npm installed.
370 error If you do, this is most likely a problem with the base64 package,
370 error not with npm itself.
370 error Tell the author that this fails on your system:
370 error     node-gyp rebuild
370 error You can get information on how to open an issue for this project with:
370 error     npm bugs base64
370 error Or if that isn't available, you can get their info via:
370 error     npm owner ls base64
370 error There is likely additional logging output above.
371 verbose exit [ 1, true ]
